0 info it worked if it ends with ok
1 verbose cli [ '/usr/bin/iojs', '/usr/bin/npm', 'run', 'srv' ]
2 info using npm@2.11.0
3 info using node@v2.1.0
4 verbose run-script [ 'presrv', 'srv', 'postsrv' ]
5 info presrv mangaio@0.0.1
6 info srv mangaio@0.0.1
7 verbose unsafe-perm in lifecycle true
8 info mangaio@0.0.1 Failed to exec srv script
9 verbose stack Error: mangaio@0.0.1 srv: `NODE_ENV=production node ./index.js`
9 verbose stack Exit status 1
9 verbose stack     at EventEmitter.<anonymous> (/usr/lib/node_modules/npm/lib/utils/lifecycle.js:213:16)
9 verbose stack     at emitTwo (events.js:87:13)
9 verbose stack     at EventEmitter.emit (events.js:172:7)
9 verbose stack     at ChildProcess.<anonymous> (/usr/lib/node_modules/npm/lib/utils/spawn.js:24:14)
9 verbose stack     at emitTwo (events.js:87:13)
9 verbose stack     at ChildProcess.emit (events.js:172:7)
9 verbose stack     at maybeClose (child_process.js:953:16)
9 verbose stack     at Process.ChildProcess._handle.onexit (child_process.js:1020:5)
10 verbose pkgid mangaio@0.0.1
11 verbose cwd /home/chronize/Documents/projects/mangaio
12 error Linux 4.0.4-1-ARCH
13 error argv "/usr/bin/iojs" "/usr/bin/npm" "run" "srv"
14 error node v2.1.0
15 error npm  v2.11.0
16 error code ELIFECYCLE
17 error mangaio@0.0.1 srv: `NODE_ENV=production node ./index.js`
17 error Exit status 1
18 error Failed at the mangaio@0.0.1 srv script 'NODE_ENV=production node ./index.js'.
18 error This is most likely a problem with the mangaio package,
18 error not with npm itself.
18 error Tell the author that this fails on your system:
18 error     NODE_ENV=production node ./index.js
18 error You can get their info via:
18 error     npm owner ls mangaio
18 error There is likely additional logging output above.
19 verbose exit [ 1, true ]
